2025-04-09 15:34:32.744318 - Received CBT.V508.FILE060.PDS from FILE060.XMI 
2025-04-09 15:34:32.747860 - Found $$$#DATE.txt (text/plain) in CBT.V508.FILE060.PDS, moved to PDS/$$$#DATE
2025-04-09 15:34:32.748558 - Found $$DOC.txt (text/plain) in CBT.V508.FILE060.PDS, moved to PDS/$$DOC
2025-04-09 15:34:32.749168 - Found @FILE060.txt (text/plain) in CBT.V508.FILE060.PDS, moved to PDS/@FILE060
2025-04-09 15:34:32.749809 - Found DATECONV.txt (text/plain) in CBT.V508.FILE060.PDS, moved to PDS/DATECONV
2025-04-09 15:34:32.750427 - Found DATEMVS.txt (text/plain) in CBT.V508.FILE060.PDS, moved to PDS/DATEMVS
2025-04-09 15:34:32.751350 - Found INIT.txt (text/plain) in CBT.V508.FILE060.PDS, moved to PDS/INIT
2025-04-09 15:34:32.751904 - Found KEYS.txt (text/plain) in CBT.V508.FILE060.PDS, moved to PDS/KEYS
2025-04-09 15:34:32.752557 - Found PARSE.txt (text/plain) in CBT.V508.FILE060.PDS, moved to PDS/PARSE
2025-04-09 15:34:32.753165 - Found PRSTRNG.txt (text/plain) in CBT.V508.FILE060.PDS, moved to PDS/PRSTRNG
2025-04-09 15:34:32.753752 - Found README.txt (text/plain) in CBT.V508.FILE060.PDS, moved to PDS/README
2025-04-09 15:34:32.754291 - Found REASMLNK.txt (text/plain) in CBT.V508.FILE060.PDS, moved to PDS/REASMLNK
2025-04-09 15:34:32.754848 - Found REG.txt (text/plain) in CBT.V508.FILE060.PDS, moved to PDS/REG
2025-04-09 15:34:32.755441 - Found RETURN72.txt (text/plain) in CBT.V508.FILE060.PDS, moved to PDS/RETURN72
2025-04-09 15:34:32.756094 - Found SSJES$05.txt (text/plain) in CBT.V508.FILE060.PDS, moved to PDS/SSJES$05
2025-04-09 15:34:32.756712 - Found SSJES$15.txt (text/plain) in CBT.V508.FILE060.PDS, moved to PDS/SSJES$15
2025-04-09 15:34:32.757349 - Found SSRALLOC.txt (text/plain) in CBT.V508.FILE060.PDS, moved to PDS/SSRALLOC
2025-04-09 15:34:32.757929 - Found SSRHLP00.txt (text/plain) in CBT.V508.FILE060.PDS, moved to PDS/SSRHLP00
2025-04-09 15:34:32.758806 - Found SSRHLP30.txt (text/plain) in CBT.V508.FILE060.PDS, moved to PDS/SSRHLP30
2025-04-09 15:34:32.759354 - Found SSRHLP31.txt (text/plain) in CBT.V508.FILE060.PDS, moved to PDS/SSRHLP31
2025-04-09 15:34:32.759992 - Found SSRHLP32.txt (text/plain) in CBT.V508.FILE060.PDS, moved to PDS/SSRHLP32
2025-04-09 15:34:32.760524 - Found SSRHLP33.txt (text/plain) in CBT.V508.FILE060.PDS, moved to PDS/SSRHLP33
2025-04-09 15:34:32.761030 - Found SSRHLP34.txt (text/plain) in CBT.V508.FILE060.PDS, moved to PDS/SSRHLP34
2025-04-09 15:34:32.761671 - Found SSRMS00.txt (text/plain) in CBT.V508.FILE060.PDS, moved to PDS/SSRMS00
2025-04-09 15:34:32.762168 - Found SSRMS01.txt (text/plain) in CBT.V508.FILE060.PDS, moved to PDS/SSRMS01
2025-04-09 15:34:32.762749 - Found SSRMS30.txt (text/plain) in CBT.V508.FILE060.PDS, moved to PDS/SSRMS30
2025-04-09 15:34:32.763309 - Found SSRMS90.txt (text/plain) in CBT.V508.FILE060.PDS, moved to PDS/SSRMS90
2025-04-09 15:34:32.763900 - Found SSRPNL00.txt (text/plain) in CBT.V508.FILE060.PDS, moved to PDS/SSRPNL00
2025-04-09 15:34:32.764525 - Found SSRPNL30.txt (text/plain) in CBT.V508.FILE060.PDS, moved to PDS/SSRPNL30
2025-04-09 15:34:32.765101 - Found SSRPNL31.txt (text/plain) in CBT.V508.FILE060.PDS, moved to PDS/SSRPNL31
2025-04-09 15:34:32.765784 - Found SSRPNL32.txt (text/plain) in CBT.V508.FILE060.PDS, moved to PDS/SSRPNL32
2025-04-09 15:34:32.766430 - Found SSRPNL33.txt (text/plain) in CBT.V508.FILE060.PDS, moved to PDS/SSRPNL33
2025-04-09 15:34:32.767050 - Found SSRPNL34.txt (text/plain) in CBT.V508.FILE060.PDS, moved to PDS/SSRPNL34
2025-04-09 15:34:32.767639 - Found SSRPRINT.txt (text/plain) in CBT.V508.FILE060.PDS, moved to PDS/SSRPRINT
2025-04-09 15:34:32.768203 - Found SSRPRNTC.txt (text/plain) in CBT.V508.FILE060.PDS, moved to PDS/SSRPRNTC
2025-04-09 15:34:32.768849 - Found SSRPRNTS.txt (text/plain) in CBT.V508.FILE060.PDS, moved to PDS/SSRPRNTS
2025-04-09 15:34:32.769539 - Found SSR01AR.txt (text/plain) in CBT.V508.FILE060.PDS, moved to PDS/SSR01AR
2025-04-09 15:34:32.770067 - Found SSR010PR.jcl (text/plain) in CBT.V508.FILE060.PDS, moved to PDS/SSR010PR
2025-04-09 15:34:32.770674 - Found SSR011PR.jcl (text/plain) in CBT.V508.FILE060.PDS, moved to PDS/SSR011PR
2025-04-09 15:34:32.771307 - Found SSXTEND.jcl (text/plain) in CBT.V508.FILE060.PDS, moved to PDS/SSXTEND
